TN:
SF:app.js
FN:72,(anonymous_0)
FN:104,(anonymous_1)
FNF:2
FNH:0
FNDA:0,(anonymous_0)
FNDA:0,(anonymous_1)
DA:1,1
DA:2,1
DA:3,1
DA:5,1
DA:6,1
DA:7,1
DA:8,1
DA:9,1
DA:10,1
DA:11,1
DA:12,1
DA:13,1
DA:14,1
DA:16,1
DA:17,1
DA:18,1
DA:19,1
DA:20,1
DA:21,1
DA:23,1
DA:24,1
DA:27,1
DA:28,1
DA:29,1
DA:30,1
DA:31,1
DA:32,1
DA:35,1
DA:36,1
DA:37,1
DA:40,1
DA:44,1
DA:47,1
DA:48,1
DA:51,1
DA:52,1
DA:59,1
DA:69,1
DA:72,1
DA:73,0
DA:74,0
DA:75,0
DA:76,0
DA:78,0
DA:79,0
DA:80,0
DA:84,0
DA:90,0
DA:91,0
DA:93,0
DA:97,0
DA:98,0
DA:99,0
DA:101,0
DA:104,0
DA:105,0
DA:108,0
DA:109,0
DA:113,1
DA:114,0
DA:117,1
LF:61
LH:41
BRDA:24,0,0,1
BRDA:24,0,1,0
BRDA:75,1,0,0
BRDA:75,1,1,0
BRDA:85,2,0,0
BRDA:85,2,1,0
BRDA:86,3,0,0
BRDA:86,3,1,0
BRDA:87,4,0,0
BRDA:87,4,1,0
BRDA:113,5,0,0
BRDA:113,5,1,1
BRF:12
BRH:2
end_of_record
TN:
SF:src\config\agora.js
FN:12,createRecordingAuthHeader
FN:18,validateRecordingCredentials
FN:33,generateRtcToken
FNF:3
FNH:0
FNDA:0,createRecordingAuthHeader
FNDA:0,validateRecordingCredentials
FNDA:0,generateRtcToken
DA:1,1
DA:3,1
DA:5,1
DA:6,1
DA:7,1
DA:8,1
DA:10,1
DA:13,0
DA:14,0
DA:15,0
DA:19,0
DA:20,0
DA:25,0
DA:26,0
DA:27,0
DA:34,0
DA:35,0
DA:37,0
DA:47,1
LF:19
LH:8
BRDA:19,0,0,0
BRDA:19,0,1,0
BRDA:19,1,0,0
BRDA:19,1,1,0
BRDA:19,1,2,0
BRDA:26,2,0,0
BRDA:26,2,1,0
BRDA:26,3,0,0
BRDA:26,3,1,0
BRDA:33,4,0,0
BRF:10
BRH:0
end_of_record
TN:
SF:src\config\db.js
FN:3,(anonymous_0)
FNF:1
FNH:0
FNDA:0,(anonymous_0)
DA:1,1
DA:3,1
DA:4,0
DA:6,0
DA:7,0
DA:10,0
DA:13,0
DA:15,0
DA:17,0
DA:20,0
DA:21,0
DA:23,0
DA:24,0
DA:28,1
LF:14
LH:3
BRDA:6,0,0,0
BRDA:6,0,1,0
BRF:2
BRH:0
end_of_record
TN:
SF:src\config\index.js
FNF:0
FNH:0
DA:1,1
DA:4,1
DA:6,1
DA:30,1
DA:36,1
DA:69,1
DA:71,1
LF:7
LH:7
BRDA:38,0,0,1
BRDA:38,0,1,0
BRDA:39,1,0,1
BRDA:39,1,1,0
BRDA:40,2,0,1
BRDA:40,2,1,0
BRDA:41,3,0,1
BRDA:41,3,1,0
BRDA:55,4,0,1
BRDA:55,4,1,0
BRDA:56,5,0,1
BRDA:56,5,1,0
BRDA:62,6,0,1
BRDA:62,6,1,0
BRDA:62,6,2,0
BRDA:63,7,0,0
BRDA:63,7,1,0
BRF:17
BRH:7
end_of_record
TN:
SF:src\controllers\AgoraController.js
FN:3,(anonymous_0)
FNF:1
FNH:0
FNDA:0,(anonymous_0)
DA:1,1
DA:3,1
DA:4,0
DA:6,0
DA:7,0
DA:10,0
DA:11,0
DA:12,0
DA:14,0
LF:9
LH:2
BRDA:6,0,0,0
BRDA:6,0,1,0
BRDA:6,1,0,0
BRDA:6,1,1,0
BRF:4
BRH:0
end_of_record
TN:
SF:src\controllers\AuthController.js
FN:8,(anonymous_0)
FN:44,(anonymous_1)
FN:72,(anonymous_2)
FN:122,(anonymous_3)
FN:130,(anonymous_4)
FN:143,(anonymous_5)
FN:172,(anonymous_6)
FNF:7
FNH:2
FNDA:0,(anonymous_0)
FNDA:0,(anonymous_1)
FNDA:1,(anonymous_2)
FNDA:0,(anonymous_3)
FNDA:0,(anonymous_4)
FNDA:0,(anonymous_5)
FNDA:2,(anonymous_6)
DA:1,1
DA:2,1
DA:3,1
DA:5,1
DA:6,1
DA:8,1
DA:9,0
DA:10,0
DA:12,0
DA:14,0
DA:15,0
DA:18,0
DA:19,0
DA:20,0
DA:26,0
DA:27,0
DA:29,0
DA:31,0
DA:37,0
DA:38,0
DA:40,0
DA:44,1
DA:45,0
DA:46,0
DA:48,0
DA:50,0
DA:51,0
DA:54,0
DA:55,0
DA:57,0
DA:59,0
DA:65,0
DA:66,0
DA:68,0
DA:72,1
DA:73,1
DA:74,1
DA:76,1
DA:78,1
DA:79,1
DA:82,0
DA:84,0
DA:85,0
DA:91,0
DA:93,0
DA:94,0
DA:100,0
DA:106,0
DA:108,0
DA:118,0
DA:122,1
DA:123,0
DA:124,0
DA:126,0
DA:128,0
DA:130,0
DA:139,0
DA:143,1
DA:144,0
DA:145,0
DA:147,0
DA:149,0
DA:151,0
DA:152,0
DA:155,0
DA:156,0
DA:159,0
DA:161,0
DA:163,0
DA:168,0
DA:172,1
DA:173,2
DA:174,2
DA:175,2
DA:177,0
LF:75
LH:19
BRDA:5,0,0,1
BRDA:5,0,1,0
BRDA:6,1,0,1
BRDA:6,1,1,0
BRDA:10,2,0,0
BRDA:10,2,1,0
BRDA:14,3,0,0
BRDA:14,3,1,0
BRDA:14,4,0,0
BRDA:14,4,1,0
BRDA:19,5,0,0
BRDA:19,5,1,0
BRDA:37,6,0,0
BRDA:37,6,1,0
BRDA:46,7,0,0
BRDA:46,7,1,0
BRDA:50,8,0,0
BRDA:50,8,1,0
BRDA:50,9,0,0
BRDA:50,9,1,0
BRDA:65,10,0,0
BRDA:65,10,1,0
BRDA:74,11,0,0
BRDA:74,11,1,1
BRDA:78,12,0,1
BRDA:78,12,1,0
BRDA:78,13,0,1
BRDA:78,13,1,1
BRDA:84,14,0,0
BRDA:84,14,1,0
BRDA:93,15,0,0
BRDA:93,15,1,0
BRDA:124,16,0,0
BRDA:124,16,1,0
BRDA:145,17,0,0
BRDA:145,17,1,0
BRDA:151,18,0,0
BRDA:151,18,1,0
BRDA:155,19,0,0
BRDA:155,19,1,0
BRDA:175,20,0,1
BRDA:175,20,1,1
BRF:42
BRH:8
end_of_record
TN:
SF:src\controllers\RecordingController.js
FN:16,initializeRecordingsStorage
FN:29,(anonymous_1)
FN:39,recordingExists
FN:49,(anonymous_3)
FN:66,(anonymous_4)
FN:93,(anonymous_5)
FN:136,(anonymous_6)
FN:167,(anonymous_7)
FN:207,(anonymous_8)
FN:219,(anonymous_9)
FN:268,(anonymous_10)
FN:277,(anonymous_11)
FNF:12
FNH:0
FNDA:0,initializeRecordingsStorage
FNDA:0,(anonymous_1)
FNDA:0,recordingExists
FNDA:0,(anonymous_3)
FNDA:0,(anonymous_4)
FNDA:0,(anonymous_5)
FNDA:0,(anonymous_6)
FNDA:0,(anonymous_7)
FNDA:0,(anonymous_8)
FNDA:0,(anonymous_9)
FNDA:0,(anonymous_10)
FNDA:0,(anonymous_11)
DA:6,1
DA:7,1
DA:8,1
DA:10,1
DA:12,1
DA:17,0
DA:18,0
DA:19,0
DA:22,0
DA:23,0
DA:25,0
DA:28,0
DA:29,0
DA:30,0
DA:33,0
DA:40,0
DA:41,0
DA:43,0
DA:44,0
DA:46,0
DA:49,1
DA:50,0
DA:51,0
DA:52,0
DA:53,0
DA:55,0
DA:56,0
DA:57,0
DA:59,0
DA:60,0
DA:62,0
DA:66,1
DA:67,0
DA:68,0
DA:69,0
DA:71,0
DA:72,0
DA:73,0
DA:75,0
DA:76,0
DA:77,0
DA:78,0
DA:81,0
DA:82,0
DA:83,0
DA:86,0
DA:87,0
DA:89,0
DA:93,1
DA:94,0
DA:95,0
DA:97,0
DA:98,0
DA:99,0
DA:101,0
DA:103,0
DA:105,0
DA:108,0
DA:109,0
DA:110,0
DA:111,0
DA:113,0
DA:118,0
DA:120,0
DA:122,0
DA:123,0
DA:124,0
DA:125,0
DA:126,0
DA:131,0
DA:135,0
DA:136,0
DA:137,0
DA:150,0
DA:151,0
DA:152,0
DA:154,0
DA:157,0
DA:163,0
DA:167,1
DA:168,0
DA:169,0
DA:170,0
DA:172,0
DA:173,0
DA:175,0
DA:176,0
DA:177,0
DA:179,0
DA:181,0
DA:182,0
DA:183,0
DA:184,0
DA:187,0
DA:198,0
DA:199,0
DA:203,0
DA:207,1
DA:208,0
DA:209,0
DA:210,0
DA:212,0
DA:213,0
DA:215,0
DA:219,1
DA:220,0
DA:221,0
DA:222,0
DA:224,0
DA:229,0
DA:232,0
DA:234,0
DA:235,0
DA:238,0
DA:246,0
DA:247,0
DA:248,0
DA:249,0
DA:251,0
DA:252,0
DA:253,0
DA:255,0
DA:257,0
DA:261,0
DA:263,0
DA:264,0
DA:268,1
DA:269,0
DA:270,0
DA:277,1
DA:278,0
DA:279,0
DA:280,0
DA:282,0
DA:283,0
DA:284,0
DA:287,0
DA:289,0
DA:292,0
DA:293,0
DA:297,0
DA:302,0
DA:303,0
DA:304,0
DA:306,0
DA:307,0
DA:308,0
DA:309,0
DA:310,0
DA:311,0
DA:313,0
DA:322,0
DA:327,0
DA:329,0
DA:331,0
DA:332,0
DA:336,1
LF:157
LH:14
BRDA:28,0,0,0
BRDA:28,0,1,0
BRDA:40,1,0,0
BRDA:40,1,1,0
BRDA:41,2,0,0
BRDA:41,2,1,0
BRDA:43,3,0,0
BRDA:43,3,1,0
BRDA:43,4,0,0
BRDA:43,4,1,0
BRDA:43,4,2,0
BRDA:52,5,0,0
BRDA:52,5,1,0
BRDA:52,6,0,0
BRDA:52,6,1,0
BRDA:56,7,0,0
BRDA:56,7,1,0
BRDA:57,8,0,0
BRDA:57,8,1,0
BRDA:69,9,0,0
BRDA:69,9,1,0
BRDA:75,10,0,0
BRDA:75,10,1,0
BRDA:75,11,0,0
BRDA:75,11,1,0
BRDA:77,12,0,0
BRDA:77,12,1,0
BRDA:83,13,0,0
BRDA:83,13,1,0
BRDA:97,14,0,0
BRDA:97,14,1,0
BRDA:101,15,0,0
BRDA:101,15,1,0
BRDA:103,16,0,0
BRDA:103,16,1,0
BRDA:108,17,0,0
BRDA:108,17,1,0
BRDA:110,18,0,0
BRDA:110,18,1,0
BRDA:122,19,0,0
BRDA:122,19,1,0
BRDA:140,20,0,0
BRDA:140,20,1,0
BRDA:150,21,0,0
BRDA:150,21,1,0
BRDA:151,22,0,0
BRDA:151,22,1,0
BRDA:172,23,0,0
BRDA:172,23,1,0
BRDA:172,24,0,0
BRDA:172,24,1,0
BRDA:177,25,0,0
BRDA:177,25,1,0
BRDA:179,26,0,0
BRDA:179,26,1,0
BRDA:183,27,0,0
BRDA:183,27,1,0
BRDA:190,28,0,0
BRDA:190,28,1,0
BRDA:195,29,0,0
BRDA:195,29,1,0
BRDA:210,30,0,0
BRDA:210,30,1,0
BRDA:224,31,0,0
BRDA:224,31,1,0
BRDA:229,32,0,0
BRDA:229,32,1,0
BRDA:229,32,2,0
BRDA:234,33,0,0
BRDA:234,33,1,0
BRDA:234,34,0,0
BRDA:234,34,1,0
BRDA:246,35,0,0
BRDA:246,35,1,0
BRDA:246,36,0,0
BRDA:246,36,1,0
BRDA:246,36,2,0
BRDA:282,37,0,0
BRDA:282,37,1,0
BRDA:282,38,0,0
BRDA:282,38,1,0
BRDA:289,39,0,0
BRDA:289,39,1,0
BRDA:292,40,0,0
BRDA:292,40,1,0
BRDA:307,41,0,0
BRDA:307,41,1,0
BRDA:307,42,0,0
BRDA:307,42,1,0
BRDA:308,43,0,0
BRDA:308,43,1,0
BRDA:309,44,0,0
BRDA:309,44,1,0
BRDA:311,45,0,0
BRDA:311,45,1,0
BRDA:319,46,0,0
BRDA:319,46,1,0
BRF:97
BRH:0
end_of_record
TN:
SF:src\controllers\SessionController.js
FN:9,(anonymous_0)
FN:67,(anonymous_1)
FN:75,(anonymous_2)
FN:92,startSessionInternal
FN:121,(anonymous_4)
FN:137,(anonymous_5)
FN:162,(anonymous_6)
FN:174,(anonymous_7)
FN:193,(anonymous_8)
FN:206,(anonymous_9)
FNF:10
FNH:0
FNDA:0,(anonymous_0)
FNDA:0,(anonymous_1)
FNDA:0,(anonymous_2)
FNDA:0,startSessionInternal
FNDA:0,(anonymous_4)
FNDA:0,(anonymous_5)
FNDA:0,(anonymous_6)
FNDA:0,(anonymous_7)
FNDA:0,(anonymous_8)
FNDA:0,(anonymous_9)
DA:1,1
DA:2,1
DA:3,1
DA:4,1
DA:5,1
DA:9,1
DA:10,0
DA:11,0
DA:12,0
DA:14,0
DA:15,0
DA:19,0
DA:22,0
DA:24,0
DA:26,0
DA:27,0
DA:28,0
DA:29,0
DA:30,0
DA:37,0
DA:48,0
DA:49,0
DA:54,0
DA:59,0
DA:61,0
DA:67,0
DA:68,0
DA:71,0
DA:75,1
DA:76,0
DA:77,0
DA:79,0
DA:81,0
DA:93,0
DA:99,0
DA:100,0
DA:101,0
DA:102,0
DA:104,0
DA:114,0
DA:116,0
DA:118,0
DA:121,1
DA:122,0
DA:123,0
DA:124,0
DA:126,0
DA:133,0
DA:137,1
DA:138,0
DA:139,0
DA:140,0
DA:141,0
DA:143,0
DA:148,0
DA:149,0
DA:150,0
DA:152,0
DA:156,0
DA:158,0
DA:162,1
DA:163,0
DA:164,0
DA:165,0
DA:166,0
DA:174,1
DA:175,0
DA:176,0
DA:177,0
DA:178,0
DA:180,0
DA:187,0
DA:189,0
DA:193,1
DA:194,0
DA:195,0
DA:196,0
DA:197,0
DA:198,0
DA:199,0
DA:200,0
DA:202,0
DA:206,1
DA:207,0
LF:84
LH:13
BRDA:14,0,0,0
BRDA:14,0,1,0
BRDA:14,1,0,0
BRDA:14,1,1,0
BRDA:14,1,2,0
BRDA:24,2,0,0
BRDA:24,2,1,0
BRDA:29,3,0,0
BRDA:29,3,1,0
BRDA:29,4,0,0
BRDA:29,4,1,0
BRDA:41,5,0,0
BRDA:41,5,1,0
BRDA:48,6,0,0
BRDA:48,6,1,0
BRDA:79,7,0,0
BRDA:79,7,1,0
BRDA:141,8,0,0
BRDA:141,8,1,0
BRDA:148,9,0,0
BRDA:148,9,1,0
BRDA:148,10,0,0
BRDA:148,10,1,0
BRDA:165,11,0,0
BRDA:165,11,1,0
BRDA:177,12,0,0
BRDA:177,12,1,0
BRDA:177,13,0,0
BRDA:177,13,1,0
BRDA:177,13,2,0
BRDA:177,13,3,0
BRDA:177,13,4,0
BRDA:197,14,0,0
BRDA:197,14,1,0
BRDA:198,15,0,0
BRDA:198,15,1,0
BRF:36
BRH:0
end_of_record
TN:
SF:src\middleware\auth.js
FN:5,(anonymous_0)
FN:54,(anonymous_1)
FN:55,(anonymous_2)
FNF:3
FNH:1
FNDA:0,(anonymous_0)
FNDA:10,(anonymous_1)
FNDA:0,(anonymous_2)
DA:1,1
DA:3,1
DA:5,1
DA:6,0
DA:7,0
DA:8,0
DA:10,0
DA:11,0
DA:12,0
DA:13,0
DA:16,0
DA:17,0
DA:23,0
DA:25,0
DA:31,0
DA:33,0
DA:34,0
DA:40,0
DA:41,0
DA:47,0
DA:54,1
DA:55,10
DA:56,0
DA:57,0
DA:63,0
DA:64,0
DA:71,0
DA:75,1
LF:28
LH:6
BRDA:3,0,0,1
BRDA:3,0,1,0
BRDA:10,1,0,0
BRDA:10,1,1,0
BRDA:10,2,0,0
BRDA:10,2,1,0
BRDA:12,3,0,0
BRDA:12,3,1,0
BRDA:12,4,0,0
BRDA:12,4,1,0
BRDA:16,5,0,0
BRDA:16,5,1,0
BRDA:33,6,0,0
BRDA:33,6,1,0
BRDA:40,7,0,0
BRDA:40,7,1,0
BRDA:56,8,0,0
BRDA:56,8,1,0
BRDA:63,9,0,0
BRDA:63,9,1,0
BRF:20
BRH:1
end_of_record
TN:
SF:src\middleware\error.js
FN:1,(anonymous_0)
FNF:1
FNH:0
FNDA:0,(anonymous_0)
DA:1,1
DA:2,0
DA:4,0
DA:5,0
DA:7,0
DA:13,1
LF:6
LH:2
BRDA:4,0,0,0
BRDA:4,0,1,0
BRDA:5,1,0,0
BRDA:5,1,1,0
BRDA:8,2,0,0
BRDA:8,2,1,0
BRF:6
BRH:0
end_of_record
TN:
SF:src\middleware\rateLimiter.js
FNF:0
FNH:0
DA:1,1
DA:4,1
DA:15,1
DA:25,1
LF:4
LH:4
BRF:0
BRH:0
end_of_record
TN:
SF:src\models\ActiveRecording.js
FNF:0
FNH:0
DA:1,1
DA:3,1
DA:13,1
LF:3
LH:3
BRF:0
BRH:0
end_of_record
TN:
SF:src\models\Recording.js
FNF:0
FNH:0
DA:1,1
DA:3,1
DA:17,1
DA:19,1
LF:4
LH:4
BRF:0
BRH:0
end_of_record
TN:
SF:src\models\Session.js
FNF:0
FNH:0
DA:1,1
DA:3,1
DA:22,1
LF:3
LH:3
BRF:0
BRH:0
end_of_record
TN:
SF:src\models\SpeakingEvent.js
FNF:0
FNH:0
DA:1,1
DA:3,1
DA:14,1
DA:16,1
LF:4
LH:4
BRF:0
BRH:0
end_of_record
TN:
SF:src\models\User.js
FN:34,(anonymous_0)
FN:47,(anonymous_1)
FNF:2
FNH:0
FNDA:0,(anonymous_0)
FNDA:0,(anonymous_1)
DA:1,1
DA:2,1
DA:4,1
DA:32,1
DA:34,1
DA:35,0
DA:36,0
DA:38,0
DA:39,0
DA:40,0
DA:41,0
DA:43,0
DA:47,1
DA:48,0
DA:51,1
LF:15
LH:7
BRDA:35,0,0,0
BRDA:35,0,1,0
BRF:2
BRH:0
end_of_record
TN:
SF:src\routes\authRoutes.js
FNF:0
FNH:0
DA:1,1
DA:2,1
DA:3,1
DA:4,1
DA:6,1
DA:7,1
DA:8,1
DA:9,1
DA:10,1
DA:11,1
DA:13,1
LF:11
LH:11
BRF:0
BRH:0
end_of_record
TN:
SF:src\routes\recordingRoutes.js
FNF:0
FNH:0
DA:1,1
DA:2,1
DA:3,1
DA:4,1
DA:6,1
DA:7,1
DA:8,1
DA:9,1
DA:11,1
DA:12,1
DA:13,1
DA:14,1
DA:15,1
DA:17,1
LF:14
LH:14
BRF:0
BRH:0
end_of_record
TN:
SF:src\routes\sessionRoutes.js
FNF:0
FNH:0
DA:1,1
DA:2,1
DA:3,1
DA:4,1
DA:6,1
DA:7,1
DA:8,1
DA:9,1
DA:10,1
DA:12,1
DA:13,1
DA:15,1
DA:17,1
LF:13
LH:13
BRF:0
BRH:0
end_of_record
TN:
SF:src\services\RecordingService.js
FN:19,initializeActiveRecordings
FN:22,(anonymous_1)
FN:46,acquireRecording
FN:77,startRecording
FN:166,stopRecording
FNF:5
FNH:0
FNDA:0,initializeActiveRecordings
FNDA:0,(anonymous_1)
FNDA:0,acquireRecording
FNDA:0,startRecording
FNDA:0,stopRecording
DA:1,1
DA:7,1
DA:8,1
DA:10,1
DA:11,1
DA:14,1
DA:20,0
DA:21,0
DA:22,0
DA:23,0
DA:33,0
DA:36,0
DA:37,0
DA:38,0
DA:39,0
DA:42,0
DA:47,0
DA:48,0
DA:49,0
DA:50,0
DA:56,0
DA:58,0
DA:65,0
DA:66,0
DA:67,0
DA:70,0
DA:72,0
DA:73,0
DA:78,0
DA:79,0
DA:80,0
DA:81,0
DA:83,0
DA:84,0
DA:85,0
DA:86,0
DA:87,0
DA:88,0
DA:89,0
DA:91,0
DA:92,0
DA:95,0
DA:96,0
DA:98,0
DA:119,0
DA:120,0
DA:122,0
DA:123,0
DA:130,0
DA:131,0
DA:133,0
DA:143,0
DA:146,0
DA:151,0
DA:154,0
DA:155,0
DA:157,0
DA:158,0
DA:161,0
DA:162,0
DA:167,0
DA:168,0
DA:169,0
DA:171,0
DA:177,0
DA:179,0
DA:186,0
DA:187,0
DA:189,0
DA:192,0
DA:193,0
DA:197,1
LF:72
LH:7
BRDA:38,0,0,0
BRDA:38,0,1,0
BRDA:65,1,0,0
BRDA:65,1,1,0
BRDA:65,2,0,0
BRDA:65,2,1,0
BRDA:72,3,0,0
BRDA:72,3,1,0
BRDA:91,4,0,0
BRDA:91,4,1,0
BRDA:91,5,0,0
BRDA:91,5,1,0
BRDA:91,5,2,0
BRDA:130,6,0,0
BRDA:130,6,1,0
BRDA:130,7,0,0
BRDA:130,7,1,0
BRDA:157,8,0,0
BRDA:157,8,1,0
BRDA:166,9,0,0
BRDA:186,10,0,0
BRDA:186,10,1,0
BRDA:192,11,0,0
BRDA:192,11,1,0
BRF:24
BRH:0
end_of_record
TN:
SF:src\services\S3Service.js
FN:13,getS3Client
FN:38,uploadToS3
FN:70,getS3FileStream
FN:91,getPresignedUrl
FN:110,deleteFromS3
FNF:5
FNH:0
FNDA:0,getS3Client
FNDA:0,uploadToS3
FNDA:0,getS3FileStream
FNDA:0,getPresignedUrl
FNDA:0,deleteFromS3
DA:6,1
DA:7,1
DA:9,1
DA:11,1
DA:14,0
DA:16,0
DA:18,0
DA:20,0
DA:28,0
DA:39,0
DA:40,0
DA:42,0
DA:43,0
DA:45,0
DA:52,0
DA:53,0
DA:55,0
DA:56,0
DA:57,0
DA:58,0
DA:60,0
DA:61,0
DA:71,0
DA:72,0
DA:73,0
DA:76,0
DA:81,0
DA:82,0
DA:92,0
DA:93,0
DA:95,0
DA:102,0
DA:111,0
DA:112,0
DA:114,0
DA:119,0
DA:120,0
DA:121,0
DA:123,0
DA:124,0
DA:128,1
LF:41
LH:5
BRDA:14,0,0,0
BRDA:14,0,1,0
BRDA:38,1,0,0
BRDA:40,2,0,0
BRDA:40,2,1,0
BRDA:72,3,0,0
BRDA:72,3,1,0
BRDA:91,4,0,0
BRDA:112,5,0,0
BRDA:112,5,1,0
BRF:10
BRH:0
end_of_record
TN:
SF:src\utils\dbHelpers.js
FN:3,ensureMongoForAuth
FNF:1
FNH:1
FNDA:4,ensureMongoForAuth
DA:1,2
DA:4,4
DA:5,4
DA:6,4
DA:8,4
DA:9,1
DA:14,1
DA:17,3
DA:18,1
DA:22,1
DA:25,2
DA:28,2
LF:12
LH:12
BRDA:5,0,0,4
BRDA:5,0,1,3
BRDA:8,1,0,1
BRDA:8,1,1,3
BRDA:17,2,0,1
BRDA:17,2,1,2
BRF:6
BRH:6
end_of_record
