TN:
SF:app.js
FN:60,(anonymous_0)
FN:92,(anonymous_1)
FNF:2
FNH:0
FNDA:0,(anonymous_0)
FNDA:0,(anonymous_1)
DA:1,1
DA:2,1
DA:3,1
DA:5,1
DA:6,1
DA:7,1
DA:8,1
DA:9,1
DA:10,1
DA:11,1
DA:12,1
DA:13,1
DA:14,1
DA:16,1
DA:17,1
DA:18,1
DA:19,1
DA:20,1
DA:21,1
DA:23,1
DA:24,1
DA:27,1
DA:28,1
DA:29,1
DA:30,1
DA:31,1
DA:32,1
DA:35,1
DA:36,1
DA:37,1
DA:40,1
DA:44,1
DA:47,1
DA:48,1
DA:51,1
DA:52,1
DA:53,1
DA:57,1
DA:60,1
DA:61,0
DA:62,0
DA:63,0
DA:64,0
DA:66,0
DA:67,0
DA:68,0
DA:72,0
DA:78,0
DA:79,0
DA:81,0
DA:85,0
DA:86,0
DA:87,0
DA:89,0
DA:92,0
DA:93,0
DA:96,0
DA:97,0
DA:101,1
DA:102,0
DA:105,1
LF:61
LH:41
BRDA:24,0,0,1
BRDA:24,0,1,0
BRDA:63,1,0,0
BRDA:63,1,1,0
BRDA:73,2,0,0
BRDA:73,2,1,0
BRDA:74,3,0,0
BRDA:74,3,1,0
BRDA:75,4,0,0
BRDA:75,4,1,0
BRDA:101,5,0,0
BRDA:101,5,1,1
BRF:12
BRH:2
end_of_record
TN:
SF:src\config\agora.js
FN:12,createRecordingAuthHeader
FN:18,validateRecordingCredentials
FN:33,generateRtcToken
FNF:3
FNH:0
FNDA:0,createRecordingAuthHeader
FNDA:0,validateRecordingCredentials
FNDA:0,generateRtcToken
DA:1,1
DA:3,1
DA:5,1
DA:6,1
DA:7,1
DA:8,1
DA:10,1
DA:13,0
DA:14,0
DA:15,0
DA:19,0
DA:20,0
DA:25,0
DA:26,0
DA:27,0
DA:34,0
DA:35,0
DA:37,0
DA:47,1
LF:19
LH:8
BRDA:19,0,0,0
BRDA:19,0,1,0
BRDA:19,1,0,0
BRDA:19,1,1,0
BRDA:19,1,2,0
BRDA:26,2,0,0
BRDA:26,2,1,0
BRDA:26,3,0,0
BRDA:26,3,1,0
BRDA:33,4,0,0
BRF:10
BRH:0
end_of_record
TN:
SF:src\config\db.js
FN:3,(anonymous_0)
FNF:1
FNH:0
FNDA:0,(anonymous_0)
DA:1,1
DA:3,1
DA:4,0
DA:6,0
DA:7,0
DA:10,0
DA:13,0
DA:15,0
DA:17,0
DA:20,0
DA:21,0
DA:23,0
DA:24,0
DA:28,1
LF:14
LH:3
BRDA:6,0,0,0
BRDA:6,0,1,0
BRF:2
BRH:0
end_of_record
TN:
SF:src\config\index.js
FNF:0
FNH:0
DA:1,1
DA:4,1
DA:6,1
DA:30,1
DA:36,1
DA:65,1
DA:67,1
LF:7
LH:7
BRDA:38,0,0,1
BRDA:38,0,1,0
BRDA:39,1,0,1
BRDA:39,1,1,0
BRDA:40,2,0,1
BRDA:40,2,1,0
BRDA:41,3,0,1
BRDA:41,3,1,0
BRDA:55,4,0,1
BRDA:55,4,1,0
BRDA:56,5,0,1
BRDA:56,5,1,0
BRDA:61,6,0,1
BRDA:61,6,1,0
BRDA:61,6,2,0
BRDA:61,7,0,0
BRDA:61,7,1,0
BRF:17
BRH:7
end_of_record
TN:
SF:src\controllers\AgoraController.js
FN:3,(anonymous_0)
FNF:1
FNH:0
FNDA:0,(anonymous_0)
DA:1,1
DA:3,1
DA:4,0
DA:6,0
DA:7,0
DA:10,0
DA:11,0
DA:12,0
DA:14,0
LF:9
LH:2
BRDA:6,0,0,0
BRDA:6,0,1,0
BRDA:6,1,0,0
BRDA:6,1,1,0
BRF:4
BRH:0
end_of_record
TN:
SF:src\controllers\AuthController.js
FN:8,(anonymous_0)
FN:44,(anonymous_1)
FN:72,(anonymous_2)
FN:122,(anonymous_3)
FN:130,(anonymous_4)
FN:143,(anonymous_5)
FN:172,(anonymous_6)
FNF:7
FNH:2
FNDA:0,(anonymous_0)
FNDA:0,(anonymous_1)
FNDA:1,(anonymous_2)
FNDA:0,(anonymous_3)
FNDA:0,(anonymous_4)
FNDA:0,(anonymous_5)
FNDA:2,(anonymous_6)
DA:1,1
DA:2,1
DA:3,1
DA:5,1
DA:6,1
DA:8,1
DA:9,0
DA:10,0
DA:12,0
DA:14,0
DA:15,0
DA:18,0
DA:19,0
DA:20,0
DA:26,0
DA:27,0
DA:29,0
DA:31,0
DA:37,0
DA:38,0
DA:40,0
DA:44,1
DA:45,0
DA:46,0
DA:48,0
DA:50,0
DA:51,0
DA:54,0
DA:55,0
DA:57,0
DA:59,0
DA:65,0
DA:66,0
DA:68,0
DA:72,1
DA:73,1
DA:74,1
DA:76,1
DA:78,1
DA:79,1
DA:82,0
DA:84,0
DA:85,0
DA:91,0
DA:93,0
DA:94,0
DA:100,0
DA:106,0
DA:108,0
DA:118,0
DA:122,1
DA:123,0
DA:124,0
DA:126,0
DA:128,0
DA:130,0
DA:139,0
DA:143,1
DA:144,0
DA:145,0
DA:147,0
DA:149,0
DA:151,0
DA:152,0
DA:155,0
DA:156,0
DA:159,0
DA:161,0
DA:163,0
DA:168,0
DA:172,1
DA:173,2
DA:174,2
DA:175,2
DA:177,0
LF:75
LH:19
BRDA:5,0,0,1
BRDA:5,0,1,0
BRDA:6,1,0,1
BRDA:6,1,1,0
BRDA:10,2,0,0
BRDA:10,2,1,0
BRDA:14,3,0,0
BRDA:14,3,1,0
BRDA:14,4,0,0
BRDA:14,4,1,0
BRDA:19,5,0,0
BRDA:19,5,1,0
BRDA:37,6,0,0
BRDA:37,6,1,0
BRDA:46,7,0,0
BRDA:46,7,1,0
BRDA:50,8,0,0
BRDA:50,8,1,0
BRDA:50,9,0,0
BRDA:50,9,1,0
BRDA:65,10,0,0
BRDA:65,10,1,0
BRDA:74,11,0,0
BRDA:74,11,1,1
BRDA:78,12,0,1
BRDA:78,12,1,0
BRDA:78,13,0,1
BRDA:78,13,1,1
BRDA:84,14,0,0
BRDA:84,14,1,0
BRDA:93,15,0,0
BRDA:93,15,1,0
BRDA:124,16,0,0
BRDA:124,16,1,0
BRDA:145,17,0,0
BRDA:145,17,1,0
BRDA:151,18,0,0
BRDA:151,18,1,0
BRDA:155,19,0,0
BRDA:155,19,1,0
BRDA:175,20,0,1
BRDA:175,20,1,1
BRF:42
BRH:8
end_of_record
TN:
SF:src\controllers\RecordingController.js
FN:16,initializeRecordingsStorage
FN:30,(anonymous_1)
FN:41,recordingExists
FN:51,(anonymous_3)
FN:68,(anonymous_4)
FN:92,(anonymous_5)
FN:135,(anonymous_6)
FN:170,(anonymous_7)
FN:207,(anonymous_8)
FN:220,(anonymous_9)
FN:266,(anonymous_10)
FN:275,(anonymous_11)
FNF:12
FNH:0
FNDA:0,initializeRecordingsStorage
FNDA:0,(anonymous_1)
FNDA:0,recordingExists
FNDA:0,(anonymous_3)
FNDA:0,(anonymous_4)
FNDA:0,(anonymous_5)
FNDA:0,(anonymous_6)
FNDA:0,(anonymous_7)
FNDA:0,(anonymous_8)
FNDA:0,(anonymous_9)
FNDA:0,(anonymous_10)
FNDA:0,(anonymous_11)
DA:1,1
DA:2,1
DA:3,1
DA:4,1
DA:5,1
DA:6,1
DA:10,1
DA:12,1
DA:17,0
DA:18,0
DA:19,0
DA:22,0
DA:23,0
DA:25,0
DA:29,0
DA:30,0
DA:31,0
DA:34,0
DA:42,0
DA:43,0
DA:45,0
DA:46,0
DA:48,0
DA:51,1
DA:52,0
DA:53,0
DA:54,0
DA:55,0
DA:57,0
DA:58,0
DA:59,0
DA:61,0
DA:62,0
DA:64,0
DA:68,1
DA:69,0
DA:70,0
DA:71,0
DA:73,0
DA:74,0
DA:75,0
DA:77,0
DA:78,0
DA:79,0
DA:80,0
DA:81,0
DA:82,0
DA:85,0
DA:86,0
DA:88,0
DA:92,1
DA:93,0
DA:94,0
DA:96,0
DA:97,0
DA:98,0
DA:100,0
DA:102,0
DA:104,0
DA:107,0
DA:108,0
DA:109,0
DA:110,0
DA:112,0
DA:117,0
DA:119,0
DA:121,0
DA:122,0
DA:123,0
DA:124,0
DA:125,0
DA:130,0
DA:134,0
DA:135,0
DA:136,0
DA:151,0
DA:152,0
DA:153,0
DA:156,0
DA:159,0
DA:165,0
DA:170,1
DA:171,0
DA:172,0
DA:173,0
DA:175,0
DA:177,0
DA:178,0
DA:179,0
DA:181,0
DA:183,0
DA:184,0
DA:185,0
DA:186,0
DA:189,0
DA:200,0
DA:201,0
DA:203,0
DA:207,1
DA:208,0
DA:209,0
DA:210,0
DA:212,0
DA:213,0
DA:215,0
DA:220,1
DA:221,0
DA:222,0
DA:223,0
DA:225,0
DA:229,0
DA:231,0
DA:233,0
DA:234,0
DA:235,0
DA:243,0
DA:244,0
DA:245,0
DA:246,0
DA:248,0
DA:249,0
DA:250,0
DA:252,0
DA:254,0
DA:258,0
DA:260,0
DA:261,0
DA:266,1
DA:267,0
DA:268,0
DA:275,1
DA:276,0
DA:277,0
DA:278,0
DA:280,0
DA:281,0
DA:282,0
DA:285,0
DA:286,0
DA:288,0
DA:289,0
DA:291,0
DA:294,0
DA:295,0
DA:296,0
DA:298,0
DA:299,0
DA:300,0
DA:301,0
DA:302,0
DA:303,0
DA:305,0
DA:314,0
DA:319,0
DA:321,0
DA:323,0
DA:324,0
DA:329,1
LF:158
LH:17
BRDA:29,0,0,0
BRDA:29,0,1,0
BRDA:42,1,0,0
BRDA:42,1,1,0
BRDA:43,2,0,0
BRDA:43,2,1,0
BRDA:45,3,0,0
BRDA:45,3,1,0
BRDA:45,4,0,0
BRDA:45,4,1,0
BRDA:45,4,2,0
BRDA:54,5,0,0
BRDA:54,5,1,0
BRDA:54,6,0,0
BRDA:54,6,1,0
BRDA:58,7,0,0
BRDA:58,7,1,0
BRDA:59,8,0,0
BRDA:59,8,1,0
BRDA:71,9,0,0
BRDA:71,9,1,0
BRDA:77,10,0,0
BRDA:77,10,1,0
BRDA:77,11,0,0
BRDA:77,11,1,0
BRDA:79,12,0,0
BRDA:79,12,1,0
BRDA:82,13,0,0
BRDA:82,13,1,0
BRDA:96,14,0,0
BRDA:96,14,1,0
BRDA:100,15,0,0
BRDA:100,15,1,0
BRDA:102,16,0,0
BRDA:102,16,1,0
BRDA:107,17,0,0
BRDA:107,17,1,0
BRDA:109,18,0,0
BRDA:109,18,1,0
BRDA:121,19,0,0
BRDA:121,19,1,0
BRDA:139,20,0,0
BRDA:139,20,1,0
BRDA:151,21,0,0
BRDA:151,21,1,0
BRDA:152,22,0,0
BRDA:152,22,1,0
BRDA:175,23,0,0
BRDA:175,23,1,0
BRDA:175,24,0,0
BRDA:175,24,1,0
BRDA:179,25,0,0
BRDA:179,25,1,0
BRDA:181,26,0,0
BRDA:181,26,1,0
BRDA:185,27,0,0
BRDA:185,27,1,0
BRDA:192,28,0,0
BRDA:192,28,1,0
BRDA:197,29,0,0
BRDA:197,29,1,0
BRDA:210,30,0,0
BRDA:210,30,1,0
BRDA:225,31,0,0
BRDA:225,31,1,0
BRDA:229,32,0,0
BRDA:229,32,1,0
BRDA:229,32,2,0
BRDA:233,33,0,0
BRDA:233,33,1,0
BRDA:233,34,0,0
BRDA:233,34,1,0
BRDA:243,35,0,0
BRDA:243,35,1,0
BRDA:243,36,0,0
BRDA:243,36,1,0
BRDA:243,36,2,0
BRDA:280,37,0,0
BRDA:280,37,1,0
BRDA:280,38,0,0
BRDA:280,38,1,0
BRDA:286,39,0,0
BRDA:286,39,1,0
BRDA:288,40,0,0
BRDA:288,40,1,0
BRDA:299,41,0,0
BRDA:299,41,1,0
BRDA:299,42,0,0
BRDA:299,42,1,0
BRDA:300,43,0,0
BRDA:300,43,1,0
BRDA:301,44,0,0
BRDA:301,44,1,0
BRDA:303,45,0,0
BRDA:303,45,1,0
BRDA:311,46,0,0
BRDA:311,46,1,0
BRF:97
BRH:0
end_of_record
TN:
SF:src\controllers\SessionController.js
FN:10,(anonymous_0)
FN:70,(anonymous_1)
FN:76,(anonymous_2)
FN:93,startSessionInternal
FN:116,(anonymous_4)
FN:133,(anonymous_5)
FN:158,(anonymous_6)
FN:170,(anonymous_7)
FN:189,(anonymous_8)
FN:202,(anonymous_9)
FNF:10
FNH:0
FNDA:0,(anonymous_0)
FNDA:0,(anonymous_1)
FNDA:0,(anonymous_2)
FNDA:0,startSessionInternal
FNDA:0,(anonymous_4)
FNDA:0,(anonymous_5)
FNDA:0,(anonymous_6)
FNDA:0,(anonymous_7)
FNDA:0,(anonymous_8)
FNDA:0,(anonymous_9)
DA:1,1
DA:2,1
DA:3,1
DA:4,1
DA:5,1
DA:8,1
DA:10,1
DA:11,0
DA:12,0
DA:13,0
DA:15,0
DA:16,0
DA:20,0
DA:23,0
DA:25,0
DA:27,0
DA:28,0
DA:29,0
DA:30,0
DA:31,0
DA:38,0
DA:51,0
DA:52,0
DA:57,0
DA:62,0
DA:64,0
DA:70,0
DA:72,0
DA:76,1
DA:77,0
DA:78,0
DA:80,0
DA:82,0
DA:94,0
DA:100,0
DA:101,0
DA:102,0
DA:103,0
DA:105,0
DA:109,0
DA:111,0
DA:113,0
DA:116,1
DA:117,0
DA:118,0
DA:119,0
DA:121,0
DA:128,0
DA:133,1
DA:134,0
DA:135,0
DA:136,0
DA:137,0
DA:139,0
DA:144,0
DA:145,0
DA:146,0
DA:148,0
DA:152,0
DA:154,0
DA:158,1
DA:159,0
DA:160,0
DA:161,0
DA:162,0
DA:170,1
DA:171,0
DA:172,0
DA:173,0
DA:174,0
DA:176,0
DA:183,0
DA:185,0
DA:189,1
DA:190,0
DA:191,0
DA:192,0
DA:193,0
DA:194,0
DA:195,0
DA:196,0
DA:198,0
DA:202,1
DA:203,0
LF:84
LH:14
BRDA:15,0,0,0
BRDA:15,0,1,0
BRDA:15,1,0,0
BRDA:15,1,1,0
BRDA:15,1,2,0
BRDA:25,2,0,0
BRDA:25,2,1,0
BRDA:30,3,0,0
BRDA:30,3,1,0
BRDA:30,4,0,0
BRDA:30,4,1,0
BRDA:42,5,0,0
BRDA:42,5,1,0
BRDA:51,6,0,0
BRDA:51,6,1,0
BRDA:80,7,0,0
BRDA:80,7,1,0
BRDA:137,8,0,0
BRDA:137,8,1,0
BRDA:144,9,0,0
BRDA:144,9,1,0
BRDA:144,10,0,0
BRDA:144,10,1,0
BRDA:161,11,0,0
BRDA:161,11,1,0
BRDA:173,12,0,0
BRDA:173,12,1,0
BRDA:173,13,0,0
BRDA:173,13,1,0
BRDA:173,13,2,0
BRDA:173,13,3,0
BRDA:173,13,4,0
BRDA:193,14,0,0
BRDA:193,14,1,0
BRDA:194,15,0,0
BRDA:194,15,1,0
BRF:36
BRH:0
end_of_record
TN:
SF:src\middleware\auth.js
FN:5,(anonymous_0)
FN:54,(anonymous_1)
FN:55,(anonymous_2)
FNF:3
FNH:1
FNDA:0,(anonymous_0)
FNDA:10,(anonymous_1)
FNDA:0,(anonymous_2)
DA:1,1
DA:3,1
DA:5,1
DA:6,0
DA:7,0
DA:8,0
DA:10,0
DA:11,0
DA:12,0
DA:13,0
DA:16,0
DA:17,0
DA:23,0
DA:25,0
DA:31,0
DA:33,0
DA:34,0
DA:40,0
DA:41,0
DA:47,0
DA:54,1
DA:55,10
DA:56,0
DA:57,0
DA:63,0
DA:64,0
DA:71,0
DA:75,1
LF:28
LH:6
BRDA:3,0,0,1
BRDA:3,0,1,0
BRDA:10,1,0,0
BRDA:10,1,1,0
BRDA:10,2,0,0
BRDA:10,2,1,0
BRDA:12,3,0,0
BRDA:12,3,1,0
BRDA:12,4,0,0
BRDA:12,4,1,0
BRDA:16,5,0,0
BRDA:16,5,1,0
BRDA:33,6,0,0
BRDA:33,6,1,0
BRDA:40,7,0,0
BRDA:40,7,1,0
BRDA:56,8,0,0
BRDA:56,8,1,0
BRDA:63,9,0,0
BRDA:63,9,1,0
BRF:20
BRH:1
end_of_record
TN:
SF:src\middleware\error.js
FN:1,(anonymous_0)
FNF:1
FNH:0
FNDA:0,(anonymous_0)
DA:1,1
DA:2,0
DA:4,0
DA:5,0
DA:7,0
DA:13,1
LF:6
LH:2
BRDA:4,0,0,0
BRDA:4,0,1,0
BRDA:5,1,0,0
BRDA:5,1,1,0
BRDA:8,2,0,0
BRDA:8,2,1,0
BRF:6
BRH:0
end_of_record
TN:
SF:src\middleware\rateLimiter.js
FNF:0
FNH:0
DA:1,1
DA:4,1
DA:15,1
DA:25,1
LF:4
LH:4
BRF:0
BRH:0
end_of_record
TN:
SF:src\models\ActiveRecording.js
FNF:0
FNH:0
DA:1,1
DA:3,1
DA:13,1
LF:3
LH:3
BRF:0
BRH:0
end_of_record
TN:
SF:src\models\Recording.js
FNF:0
FNH:0
DA:1,1
DA:3,1
DA:17,1
DA:19,1
LF:4
LH:4
BRF:0
BRH:0
end_of_record
TN:
SF:src\models\Session.js
FNF:0
FNH:0
DA:1,1
DA:3,1
DA:17,1
LF:3
LH:3
BRF:0
BRH:0
end_of_record
TN:
SF:src\models\SpeakingEvent.js
FNF:0
FNH:0
DA:1,1
DA:3,1
DA:14,1
DA:16,1
LF:4
LH:4
BRF:0
BRH:0
end_of_record
TN:
SF:src\models\User.js
FN:34,(anonymous_0)
FN:47,(anonymous_1)
FNF:2
FNH:0
FNDA:0,(anonymous_0)
FNDA:0,(anonymous_1)
DA:1,1
DA:2,1
DA:4,1
DA:32,1
DA:34,1
DA:35,0
DA:36,0
DA:38,0
DA:39,0
DA:40,0
DA:41,0
DA:43,0
DA:47,1
DA:48,0
DA:51,1
LF:15
LH:7
BRDA:35,0,0,0
BRDA:35,0,1,0
BRF:2
BRH:0
end_of_record
TN:
SF:src\routes\authRoutes.js
FNF:0
FNH:0
DA:1,1
DA:2,1
DA:3,1
DA:4,1
DA:6,1
DA:7,1
DA:8,1
DA:9,1
DA:10,1
DA:11,1
DA:13,1
LF:11
LH:11
BRF:0
BRH:0
end_of_record
TN:
SF:src\routes\recordingRoutes.js
FNF:0
FNH:0
DA:1,1
DA:2,1
DA:3,1
DA:4,1
DA:6,1
DA:7,1
DA:8,1
DA:9,1
DA:12,1
DA:13,1
DA:14,1
DA:15,1
DA:16,1
DA:18,1
LF:14
LH:14
BRF:0
BRH:0
end_of_record
TN:
SF:src\routes\sessionRoutes.js
FNF:0
FNH:0
DA:1,1
DA:2,1
DA:3,1
DA:4,1
DA:6,1
DA:7,1
DA:8,1
DA:9,1
DA:10,1
DA:12,1
DA:13,1
DA:15,1
DA:17,1
LF:13
LH:13
BRF:0
BRH:0
end_of_record
TN:
SF:src\services\RecordingService.js
FN:19,initializeActiveRecordings
FN:22,(anonymous_1)
FN:46,acquireRecording
FN:77,startRecording
FN:168,stopRecording
FNF:5
FNH:0
FNDA:0,initializeActiveRecordings
FNDA:0,(anonymous_1)
FNDA:0,acquireRecording
FNDA:0,startRecording
FNDA:0,stopRecording
DA:1,1
DA:7,1
DA:8,1
DA:10,1
DA:11,1
DA:14,1
DA:20,0
DA:21,0
DA:22,0
DA:23,0
DA:33,0
DA:36,0
DA:37,0
DA:38,0
DA:39,0
DA:42,0
DA:47,0
DA:48,0
DA:49,0
DA:50,0
DA:56,0
DA:58,0
DA:65,0
DA:66,0
DA:67,0
DA:70,0
DA:72,0
DA:73,0
DA:78,0
DA:79,0
DA:80,0
DA:81,0
DA:83,0
DA:84,0
DA:85,0
DA:86,0
DA:87,0
DA:88,0
DA:89,0
DA:91,0
DA:92,0
DA:95,0
DA:96,0
DA:98,0
DA:119,0
DA:120,0
DA:122,0
DA:123,0
DA:130,0
DA:131,0
DA:133,0
DA:143,0
DA:146,0
DA:152,0
DA:155,0
DA:156,0
DA:158,0
DA:159,0
DA:162,0
DA:163,0
DA:169,0
DA:170,0
DA:171,0
DA:173,0
DA:179,0
DA:181,0
DA:188,0
DA:189,0
DA:191,0
DA:194,0
DA:195,0
DA:199,1
LF:72
LH:7
BRDA:38,0,0,0
BRDA:38,0,1,0
BRDA:65,1,0,0
BRDA:65,1,1,0
BRDA:65,2,0,0
BRDA:65,2,1,0
BRDA:72,3,0,0
BRDA:72,3,1,0
BRDA:91,4,0,0
BRDA:91,4,1,0
BRDA:91,5,0,0
BRDA:91,5,1,0
BRDA:91,5,2,0
BRDA:130,6,0,0
BRDA:130,6,1,0
BRDA:130,7,0,0
BRDA:130,7,1,0
BRDA:158,8,0,0
BRDA:158,8,1,0
BRDA:168,9,0,0
BRDA:188,10,0,0
BRDA:188,10,1,0
BRDA:194,11,0,0
BRDA:194,11,1,0
BRF:24
BRH:0
end_of_record
TN:
SF:src\services\S3Service.js
FN:10,getS3Client
FN:37,uploadToS3
FN:69,getS3FileStream
FN:90,getPresignedUrl
FN:109,deleteFromS3
FNF:5
FNH:0
FNDA:0,getS3Client
FNDA:0,uploadToS3
FNDA:0,getS3FileStream
FNDA:0,getPresignedUrl
FNDA:0,deleteFromS3
DA:1,1
DA:2,1
DA:3,1
DA:6,1
DA:8,1
DA:11,0
DA:13,0
DA:15,0
DA:17,0
DA:25,0
DA:38,0
DA:39,0
DA:41,0
DA:42,0
DA:44,0
DA:51,0
DA:52,0
DA:54,0
DA:55,0
DA:56,0
DA:57,0
DA:59,0
DA:60,0
DA:70,0
DA:71,0
DA:72,0
DA:75,0
DA:80,0
DA:81,0
DA:91,0
DA:92,0
DA:94,0
DA:101,0
DA:110,0
DA:111,0
DA:113,0
DA:118,0
DA:119,0
DA:120,0
DA:122,0
DA:123,0
DA:127,1
LF:42
LH:6
BRDA:11,0,0,0
BRDA:11,0,1,0
BRDA:37,1,0,0
BRDA:39,2,0,0
BRDA:39,2,1,0
BRDA:71,3,0,0
BRDA:71,3,1,0
BRDA:90,4,0,0
BRDA:111,5,0,0
BRDA:111,5,1,0
BRF:10
BRH:0
end_of_record
TN:
SF:src\utils\dbHelpers.js
FN:3,ensureMongoForAuth
FNF:1
FNH:1
FNDA:4,ensureMongoForAuth
DA:1,2
DA:4,4
DA:5,4
DA:6,4
DA:8,4
DA:9,1
DA:14,1
DA:17,3
DA:18,1
DA:23,1
DA:26,2
DA:29,2
LF:12
LH:12
BRDA:5,0,0,4
BRDA:5,0,1,3
BRDA:8,1,0,1
BRDA:8,1,1,3
BRDA:17,2,0,1
BRDA:17,2,1,2
BRF:6
BRH:6
end_of_record
